[2025-09-15 18:17:07,011] 1025 httpx - INFO - HTTP Request: GET https://dagshub.com/api/v1/user "HTTP/1.1 200 OK"
[2025-09-15 18:17:07,017] 107 dagshub - INFO - Accessing as Assis-Mohanty
[2025-09-15 18:17:07,853] 1025 httpx - INFO - HTTP Request: GET https://dagshub.com/api/v1/repos/Assis-Mohanty/rainfallqq "HTTP/1.1 200 OK"
[2025-09-15 18:17:08,664] 1025 httpx - INFO - HTTP Request: GET https://dagshub.com/api/v1/user "HTTP/1.1 200 OK"
[2025-09-15 18:17:08,668] 107 dagshub - INFO - Initialized MLflow to track repo "Assis-Mohanty/rainfallqq"
[2025-09-15 18:17:08,669] 107 dagshub - INFO - Repository Assis-Mohanty/rainfallqq initialized!
[2025-09-15 18:17:08,871] 18 root - INFO - Initate the data ingestion
[2025-09-15 18:17:10,048] 40 root - INFO - Read dataframe with shape: (5000, 7)
[2025-09-15 18:17:10,054] 54 root - INFO - Filtered DataFrame columns: ['Temperature', 'Humidity', 'Wind_Speed', 'Cloud_Cover', 'Pressure', 'Rain'], shape: (5000, 6)
[2025-09-15 18:17:10,089] 73 root - INFO - Train test split performed on the dataframe
[2025-09-15 18:17:10,089] 74 root - INFO - exited the split_data_as_train_test method of DataIngestion class 
[2025-09-15 18:17:10,090] 77 root - INFO - Exporting train and test file path
[2025-09-15 18:17:10,121] 84 root - INFO - Exported traing and test file path
[2025-09-15 18:17:10,121] 20 root - INFO - Data ingestion completed
[2025-09-15 18:17:10,123] 24 root - INFO - Initated the data validation
[2025-09-15 18:17:10,138] 31 root - INFO - Required number of columns:4
[2025-09-15 18:17:10,138] 32 root - INFO - Data frame has columns:6
[2025-09-15 18:17:10,138] 49 root - INFO - All expected numerical columns are present.
[2025-09-15 18:17:10,241] 26 root - INFO - Data validation completed
[2025-09-15 18:17:10,241] 30 root - INFO - Initate the data transformation
[2025-09-15 18:17:10,242] 74 root - INFO - Entered the initiate_data_transformation of the DataTransformation class
[2025-09-15 18:17:10,242] 76 root - INFO - Starting the data transformation
[2025-09-15 18:17:10,254] 43 root - INFO - Entered get_transformation_object method of Transformation class
[2025-09-15 18:17:10,265] 42 root - INFO - Entered the save_object method of the main_utils class
[2025-09-15 18:17:10,272] 46 root - INFO - Exited the save_object method of the main_utils class
[2025-09-15 18:17:10,275] 42 root - INFO - Entered the save_object method of the main_utils class
[2025-09-15 18:17:10,276] 46 root - INFO - Exited the save_object method of the main_utils class
[2025-09-15 18:17:10,276] 32 root - INFO - Data transformation completed
[2025-09-15 18:17:10,276] 35 root - INFO - Model Training started
[2025-09-15 18:17:10,278] 95 root - INFO - Training model: Random Forest
[2025-09-15 18:17:16,179] 95 root - INFO - Training model: Decision Tree
[2025-09-15 18:17:16,287] 95 root - INFO - Training model: Gradient Boosting
[2025-09-15 18:17:22,952] 95 root - INFO - Training model: Linear Regression
[2025-09-15 18:17:22,970] 95 root - INFO - Training model: AdaBoost
[2025-09-15 18:17:36,526] 42 root - INFO - Entered the save_object method of the main_utils class
[2025-09-15 18:17:36,529] 46 root - INFO - Exited the save_object method of the main_utils class
[2025-09-15 18:17:36,529] 42 root - INFO - Entered the save_object method of the main_utils class
[2025-09-15 18:17:36,531] 46 root - INFO - Exited the save_object method of the main_utils class
[2025-09-15 18:17:36,531] 127 root - INFO - Model trainer artifact :ModelTrainerArtifact(trained_model_file_path='Artifacts\\09_15_2025_18_17_04\\model_trainer\\training_model', train_metric_artifact={'r2': 1.0, 'mae': 0.0, 'mse': 0.0}, test_metric_artifact={'r2': 1.0, 'mae': 0.0, 'mse': 0.0})
[2025-09-15 18:17:36,531] 39 root - INFO - Model Training artifact created
