[2025-09-15 18:25:21,598] 1025 httpx - INFO - HTTP Request: GET https://dagshub.com/api/v1/user "HTTP/1.1 200 OK"
[2025-09-15 18:25:21,603] 107 dagshub - INFO - Accessing as Assis-Mohanty
[2025-09-15 18:25:22,498] 1025 httpx - INFO - HTTP Request: GET https://dagshub.com/api/v1/repos/Assis-Mohanty/rainfallqq "HTTP/1.1 200 OK"
[2025-09-15 18:25:23,357] 1025 httpx - INFO - HTTP Request: GET https://dagshub.com/api/v1/user "HTTP/1.1 200 OK"
[2025-09-15 18:25:23,359] 107 dagshub - INFO - Initialized MLflow to track repo "Assis-Mohanty/rainfallqq"
[2025-09-15 18:25:23,360] 107 dagshub - INFO - Repository Assis-Mohanty/rainfallqq initialized!
[2025-09-15 18:25:37,246] 42 root - INFO - Started data ingestion
[2025-09-15 18:25:39,016] 40 root - INFO - Read dataframe with shape: (5000, 7)
[2025-09-15 18:25:39,024] 54 root - INFO - Filtered DataFrame columns: ['Temperature', 'Humidity', 'Wind_Speed', 'Cloud_Cover', 'Pressure', 'Rain'], shape: (5000, 6)
[2025-09-15 18:25:39,100] 73 root - INFO - Train test split performed on the dataframe
[2025-09-15 18:25:39,100] 74 root - INFO - exited the split_data_as_train_test method of DataIngestion class 
[2025-09-15 18:25:39,100] 77 root - INFO - Exporting train and test file path
[2025-09-15 18:25:39,175] 84 root - INFO - Exported traing and test file path
[2025-09-15 18:25:39,175] 45 root - INFO - Data Ingestion completed and artifact:DataIngestionArtifact(trained_file_path='Artifacts\\09_15_2025_18_25_17\\data_ingestion\\ingested\\train.csv', test_file_path='Artifacts\\09_15_2025_18_25_17\\data_ingestion\\ingested\\test.csv')
[2025-09-15 18:25:39,176] 53 root - INFO - Started data validation
[2025-09-15 18:25:39,199] 31 root - INFO - Required number of columns:4
[2025-09-15 18:25:39,199] 32 root - INFO - Data frame has columns:6
[2025-09-15 18:25:39,199] 49 root - INFO - All expected numerical columns are present.
[2025-09-15 18:25:39,305] 56 root - INFO - Data Validation completed and artifact:DataValidationArtifact(validation_status=None, valid_train_file_path='Artifacts\\09_15_2025_18_25_17\\data_validation\\validated\\train.csv', valid_test_file_path='Artifacts\\09_15_2025_18_25_17\\data_validation\\validated\\test.csv', invalid_train_file_path=None, invalid_test_file_path=None, drift_report_file_path='Artifacts\\09_15_2025_18_25_17\\data_validation\\drift_report\\report.yaml')
[2025-09-15 18:25:39,305] 66 root - INFO - Started data validation
[2025-09-15 18:25:39,305] 74 root - INFO - Entered the initiate_data_transformation of the DataTransformation class
[2025-09-15 18:25:39,305] 76 root - INFO - Starting the data transformation
[2025-09-15 18:25:39,331] 43 root - INFO - Entered get_transformation_object method of Transformation class
[2025-09-15 18:25:39,352] 42 root - INFO - Entered the save_object method of the main_utils class
[2025-09-15 18:25:39,358] 46 root - INFO - Exited the save_object method of the main_utils class
[2025-09-15 18:25:39,370] 42 root - INFO - Entered the save_object method of the main_utils class
[2025-09-15 18:25:39,373] 46 root - INFO - Exited the save_object method of the main_utils class
[2025-09-15 18:25:39,373] 69 root - INFO - Data transofrmation completed and  artifact:DataTransformationArtifact(transformed_object_file_path='Artifacts\\09_15_2025_18_25_17\\data_transformation\\transformed_object\\preprocessing.pkl', transformed_train_file_path='Artifacts\\09_15_2025_18_25_17\\data_transformation\\transformed\\train.npy', transformed_test_file_path='Artifacts\\09_15_2025_18_25_17\\data_transformation\\transformed\\train.npy')
[2025-09-15 18:25:39,376] 95 root - INFO - Training model: Random Forest
[2025-09-15 18:25:45,567] 95 root - INFO - Training model: Decision Tree
[2025-09-15 18:25:45,706] 95 root - INFO - Training model: Gradient Boosting
[2025-09-15 18:26:23,927] 95 root - INFO - Training model: Linear Regression
[2025-09-15 18:26:23,954] 95 root - INFO - Training model: AdaBoost
[2025-09-15 18:26:38,622] 42 root - INFO - Entered the save_object method of the main_utils class
[2025-09-15 18:26:38,624] 46 root - INFO - Exited the save_object method of the main_utils class
[2025-09-15 18:26:38,624] 42 root - INFO - Entered the save_object method of the main_utils class
[2025-09-15 18:26:38,625] 46 root - INFO - Exited the save_object method of the main_utils class
[2025-09-15 18:26:38,625] 127 root - INFO - Model trainer artifact :ModelTrainerArtifact(trained_model_file_path='Artifacts\\09_15_2025_18_25_17\\model_trainer\\training_model', train_metric_artifact={'r2': 1.0, 'mae': 0.0, 'mse': 0.0}, test_metric_artifact={'r2': 1.0, 'mae': 0.0, 'mse': 0.0})
