[2025-09-15 14:56:09,146] 1025 httpx - INFO - HTTP Request: GET https://dagshub.com/api/v1/user "HTTP/1.1 200 OK"
[2025-09-15 14:56:09,151] 107 dagshub - INFO - Accessing as Assis-Mohanty
[2025-09-15 14:56:10,059] 1025 httpx - INFO - HTTP Request: GET https://dagshub.com/api/v1/repos/Assis-Mohanty/rainfallqq "HTTP/1.1 200 OK"
[2025-09-15 14:56:10,772] 1025 httpx - INFO - HTTP Request: GET https://dagshub.com/api/v1/user "HTTP/1.1 200 OK"
[2025-09-15 14:56:10,773] 107 dagshub - INFO - Initialized MLflow to track repo "Assis-Mohanty/rainfallqq"
[2025-09-15 14:56:10,774] 107 dagshub - INFO - Repository Assis-Mohanty/rainfallqq initialized!
[2025-09-15 14:56:10,976] 18 root - INFO - Initate the data ingestion
[2025-09-15 14:56:12,180] 40 root - INFO - Read dataframe with shape: (2500, 7)
[2025-09-15 14:56:12,184] 51 root - INFO - Filtered DataFrame columns: ['Temperature', 'Humidity', 'Wind_Speed', 'Cloud_Cover', 'Pressure', 'Rain'], shape: (2500, 6)
[2025-09-15 14:56:12,200] 70 root - INFO - Train test split performed on the dataframe
[2025-09-15 14:56:12,201] 71 root - INFO - exited the split_data_as_train_test method of DataIngestion class 
[2025-09-15 14:56:12,201] 74 root - INFO - Exporting train and test file path
[2025-09-15 14:56:12,215] 81 root - INFO - Exported traing and test file path
[2025-09-15 14:56:12,215] 20 root - INFO - Data ingestion completed
[2025-09-15 14:56:12,217] 24 root - INFO - Initated the data validation
[2025-09-15 14:56:12,225] 31 root - INFO - Required number of columns:4
[2025-09-15 14:56:12,225] 32 root - INFO - Data frame has columns:6
[2025-09-15 14:56:12,225] 49 root - INFO - All expected numerical columns are present.
[2025-09-15 14:56:12,261] 26 root - INFO - Data validation completed
[2025-09-15 14:56:12,262] 30 root - INFO - Initate the data transformation
[2025-09-15 14:56:12,262] 74 root - INFO - Entered the initiate_data_transformation of the DataTransformation class
[2025-09-15 14:56:12,262] 76 root - INFO - Starting the data transformation
[2025-09-15 14:56:12,270] 43 root - INFO - Entered get_transformation_object method of Transformation class
[2025-09-15 14:56:12,282] 42 root - INFO - Entered the save_object method of the main_utils class
[2025-09-15 14:56:12,285] 46 root - INFO - Exited the save_object method of the main_utils class
[2025-09-15 14:56:12,321] 42 root - INFO - Entered the save_object method of the main_utils class
[2025-09-15 14:56:12,323] 46 root - INFO - Exited the save_object method of the main_utils class
[2025-09-15 14:56:12,323] 32 root - INFO - Data transformation completed
[2025-09-15 14:56:12,323] 35 root - INFO - Model Training started
